<?xml version="1.0" encoding="UTF-8"?>
<testsuite xmlns:xsi="http://www.w3.org/2001/XMLSchema-instance" xsi:noNamespaceSchemaLocation="https://maven.apache.org/surefire/maven-surefire-plugin/xsd/surefire-test-report.xsd" name="info.anthonywang.zybookautocompleter.AppTest" time="17.923" tests="1" errors="1" skipped="0" failures="0">
  <properties>
[...]
</properties>
  <testcase name="shouldAnswerWithTrue" classname="info.anthonywang.zybookautocompleter.AppTest" time="17.876">
    <error type="java.lang.NullPointerException">java.lang.NullPointerException
	at info.anthonywang.zybookautocompleter.AppTest.shouldAnswerWithTrue(AppTest.java:19)
</error>
    <system-out><![CDATA[Enter zyBooks email:Enter zyBooks password:]]></system-out>
    <system-err><![CDATA[Mar 18, 2019 1:46:15 PM org.littleshoot.proxy.impl.DefaultHttpProxyServer start
INFO: Starting proxy at address: 0.0.0.0/0.0.0.0:0
Mar 18, 2019 1:46:15 PM org.littleshoot.proxy.impl.DefaultHttpProxyServer doStart
INFO: Proxy listening with TCP transport
Mar 18, 2019 1:46:16 PM org.littleshoot.proxy.impl.DefaultHttpProxyServer doStart
INFO: Proxy started at address: /0:0:0:0:0:0:0:0:49294
[2019-03-18T18:46:21.008][Instance 1][Port 49295] [2019-03-18T18:46:21.005]Enabled protocols: [TLSv1, TLSv1.1, TLSv1.2]
[2019-03-18T18:46:21.009][Instance 1][Port 49295] [2019-03-18T18:46:21.007]Enabled cipher suites:[TLS_ECDHE_ECDSA_WITH_AES_256_CBC_SHA384, TLS_ECDHE_RSA_WITH_AES_256_CBC_SHA384, TLS_RSA_WITH_AES_256_CBC_SHA256, TLS_ECDH_ECDSA_WITH_AES_256_CBC_SHA384, TLS_ECDH_RSA_WITH_AES_256_CBC_SHA384, TLS_DHE_RSA_WITH_AES_256_CBC_SHA256, TLS_DHE_DSS_WITH_AES_256_CBC_SHA256, TLS_ECDHE_ECDSA_WITH_AES_256_CBC_SHA, TLS_ECDHE_RSA_WITH_AES_256_CBC_SHA, TLS_RSA_WITH_AES_256_CBC_SHA, TLS_ECDH_ECDSA_WITH_AES_256_CBC_SHA, TLS_ECDH_RSA_WITH_AES_256_CBC_SHA, TLS_DHE_RSA_WITH_AES_256_CBC_SHA, TLS_DHE_DSS_WITH_AES_256_CBC_SHA, TLS_ECDHE_ECDSA_WITH_AES_128_CBC_SHA256, TLS_ECDHE_RSA_WITH_AES_128_CBC_SHA256, TLS_RSA_WITH_AES_128_CBC_SHA256, TLS_ECDH_ECDSA_WITH_AES_128_CBC_SHA256, TLS_ECDH_RSA_WITH_AES_128_CBC_SHA256, TLS_DHE_RSA_WITH_AES_128_CBC_SHA256, TLS_DHE_DSS_WITH_AES_128_CBC_SHA256, TLS_ECDHE_ECDSA_WITH_AES_128_CBC_SHA, TLS_ECDHE_RSA_WITH_AES_128_CBC_SHA, TLS_RSA_WITH_AES_128_CBC_SHA, TLS_ECDH_ECDSA_WITH_AES_128_CBC_SHA, TLS_ECDH_RSA_WITH_AES_128_CBC_SHA, TLS_DHE_RSA_WITH_AES_128_CBC_SHA, TLS_DHE_DSS_WITH_AES_128_CBC_SHA, TLS_ECDHE_ECDSA_WITH_AES_256_GCM_SHA384, TLS_ECDHE_ECDSA_WITH_AES_128_GCM_SHA256, TLS_ECDHE_RSA_WITH_AES_256_GCM_SHA384, TLS_RSA_WITH_AES_256_GCM_SHA384, TLS_ECDH_ECDSA_WITH_AES_256_GCM_SHA384, TLS_ECDH_RSA_WITH_AES_256_GCM_SHA384, TLS_DHE_RSA_WITH_AES_256_GCM_SHA384, TLS_DHE_DSS_WITH_AES_256_GCM_SHA384, TLS_ECDHE_RSA_WITH_AES_128_GCM_SHA256, TLS_RSA_WITH_AES_128_GCM_SHA256, TLS_ECDH_ECDSA_WITH_AES_128_GCM_SHA256, TLS_ECDH_RSA_WITH_AES_128_GCM_SHA256, TLS_DHE_RSA_WITH_AES_128_GCM_SHA256, TLS_DHE_DSS_WITH_AES_128_GCM_SHA256]
[2019-03-18T18:46:21.009][Instance 1][Port 49295] [2019-03-18T18:46:21.008]Starting handshake
[2019-03-18T18:46:22.019][Instance 1][Port 49295] [2019-03-18T18:46:22.018]Secure session established
[2019-03-18T18:46:22.019][Instance 1][Port 49295] [2019-03-18T18:46:22.018] negotiated protocol: TLSv1.2
[2019-03-18T18:46:22.019][Instance 1][Port 49295] [2019-03-18T18:46:22.019] negotiated cipher suite: TLS_ECDHE_RSA_WITH_AES_256_CBC_SHA384
[2019-03-18T18:46:22.020][Instance 1][Port 49295] [2019-03-18T18:46:22.020] peer principal: OU=LittleProxy MITM, O=Impersonated Certificate, CN=learn.zybooks.com
[2019-03-18T18:46:22.020][Instance 1][Port 49295] [2019-03-18T18:46:22.020] peer alternative names: [learn.zybooks.com]
[2019-03-18T18:46:22.021][Instance 1][Port 49295] [2019-03-18T18:46:22.020] issuer principal: O=LittleProxy RSA Impersonation CA, CN=LittleProxy MITM
[2019-03-18T18:46:22.942][Instance 1][Port 49295] [2019-03-18T18:46:22.940]Enabled protocols: [TLSv1, TLSv1.1, TLSv1.2]
[2019-03-18T18:46:22.948][Instance 1][Port 49295] [2019-03-18T18:46:22.941]Enabled cipher suites:[TLS_ECDHE_ECDSA_WITH_AES_256_CBC_SHA384, TLS_ECDHE_RSA_WITH_AES_256_CBC_SHA384, TLS_RSA_WITH_AES_256_CBC_SHA256, TLS_ECDH_ECDSA_WITH_AES_256_CBC_SHA384, TLS_ECDH_RSA_WITH_AES_256_CBC_SHA384, TLS_DHE_RSA_WITH_AES_256_CBC_SHA256, TLS_DHE_DSS_WITH_AES_256_CBC_SHA256, TLS_ECDHE_ECDSA_WITH_AES_256_CBC_SHA, TLS_ECDHE_RSA_WITH_AES_256_CBC_SHA, TLS_RSA_WITH_AES_256_CBC_SHA, TLS_ECDH_ECDSA_WITH_AES_256_CBC_SHA, TLS_ECDH_RSA_WITH_AES_256_CBC_SHA, TLS_DHE_RSA_WITH_AES_256_CBC_SHA, TLS_DHE_DSS_WITH_AES_256_CBC_SHA, TLS_ECDHE_ECDSA_WITH_AES_128_CBC_SHA256, TLS_ECDHE_RSA_WITH_AES_128_CBC_SHA256, TLS_RSA_WITH_AES_128_CBC_SHA256, TLS_ECDH_ECDSA_WITH_AES_128_CBC_SHA256, TLS_ECDH_RSA_WITH_AES_128_CBC_SHA256, TLS_DHE_RSA_WITH_AES_128_CBC_SHA256, TLS_DHE_DSS_WITH_AES_128_CBC_SHA256, TLS_ECDHE_ECDSA_WITH_AES_128_CBC_SHA, TLS_ECDHE_RSA_WITH_AES_128_CBC_SHA, TLS_RSA_WITH_AES_128_CBC_SHA, TLS_ECDH_ECDSA_WITH_AES_128_CBC_SHA, TLS_ECDH_RSA_WITH_AES_128_CBC_SHA, TLS_DHE_RSA_WITH_AES_128_CBC_SHA, TLS_DHE_DSS_WITH_AES_128_CBC_SHA, TLS_ECDHE_ECDSA_WITH_AES_256_GCM_SHA384, TLS_ECDHE_ECDSA_WITH_AES_128_GCM_SHA256, TLS_ECDHE_RSA_WITH_AES_256_GCM_SHA384, TLS_RSA_WITH_AES_256_GCM_SHA384, TLS_ECDH_ECDSA_WITH_AES_256_GCM_SHA384, TLS_ECDH_RSA_WITH_AES_256_GCM_SHA384, TLS_DHE_RSA_WITH_AES_256_GCM_SHA384, TLS_DHE_DSS_WITH_AES_256_GCM_SHA384, TLS_ECDHE_RSA_WITH_AES_128_GCM_SHA256, TLS_RSA_WITH_AES_128_GCM_SHA256, TLS_ECDH_ECDSA_WITH_AES_128_GCM_SHA256, TLS_ECDH_RSA_WITH_AES_128_GCM_SHA256, TLS_DHE_RSA_WITH_AES_128_GCM_SHA256, TLS_DHE_DSS_WITH_AES_128_GCM_SHA256]
[2019-03-18T18:46:22.950][Instance 1][Port 49295] [2019-03-18T18:46:22.942]Starting handshake
[2019-03-18T18:46:22.962][Instance 1][Port 49295] [2019-03-18T18:46:22.951]Enabled protocols: [TLSv1, TLSv1.1, TLSv1.2]
[2019-03-18T18:46:22.962][Instance 1][Port 49295] [2019-03-18T18:46:22.952]Enabled cipher suites:[TLS_ECDHE_ECDSA_WITH_AES_256_CBC_SHA384, TLS_ECDHE_RSA_WITH_AES_256_CBC_SHA384, TLS_RSA_WITH_AES_256_CBC_SHA256, TLS_ECDH_ECDSA_WITH_AES_256_CBC_SHA384, TLS_ECDH_RSA_WITH_AES_256_CBC_SHA384, TLS_DHE_RSA_WITH_AES_256_CBC_SHA256, TLS_DHE_DSS_WITH_AES_256_CBC_SHA256, TLS_ECDHE_ECDSA_WITH_AES_256_CBC_SHA, TLS_ECDHE_RSA_WITH_AES_256_CBC_SHA, TLS_RSA_WITH_AES_256_CBC_SHA, TLS_ECDH_ECDSA_WITH_AES_256_CBC_SHA, TLS_ECDH_RSA_WITH_AES_256_CBC_SHA, TLS_DHE_RSA_WITH_AES_256_CBC_SHA, TLS_DHE_DSS_WITH_AES_256_CBC_SHA, TLS_ECDHE_ECDSA_WITH_AES_128_CBC_SHA256, TLS_ECDHE_RSA_WITH_AES_128_CBC_SHA256, TLS_RSA_WITH_AES_128_CBC_SHA256, TLS_ECDH_ECDSA_WITH_AES_128_CBC_SHA256, TLS_ECDH_RSA_WITH_AES_128_CBC_SHA256, TLS_DHE_RSA_WITH_AES_128_CBC_SHA256, TLS_DHE_DSS_WITH_AES_128_CBC_SHA256, TLS_ECDHE_ECDSA_WITH_AES_128_CBC_SHA, TLS_ECDHE_RSA_WITH_AES_128_CBC_SHA, TLS_RSA_WITH_AES_128_CBC_SHA, TLS_ECDH_ECDSA_WITH_AES_128_CBC_SHA, TLS_ECDH_RSA_WITH_AES_128_CBC_SHA, TLS_DHE_RSA_WITH_AES_128_CBC_SHA, TLS_DHE_DSS_WITH_AES_128_CBC_SHA, TLS_ECDHE_ECDSA_WITH_AES_256_GCM_SHA384, TLS_ECDHE_ECDSA_WITH_AES_128_GCM_SHA256, TLS_ECDHE_RSA_WITH_AES_256_GCM_SHA384, TLS_RSA_WITH_AES_256_GCM_SHA384, TLS_ECDH_ECDSA_WITH_AES_256_GCM_SHA384, TLS_ECDH_RSA_WITH_AES_256_GCM_SHA384, TLS_DHE_RSA_WITH_AES_256_GCM_SHA384, TLS_DHE_DSS_WITH_AES_256_GCM_SHA384, TLS_ECDHE_RSA_WITH_AES_128_GCM_SHA256, TLS_RSA_WITH_AES_128_GCM_SHA256, TLS_ECDH_ECDSA_WITH_AES_128_GCM_SHA256, TLS_ECDH_RSA_WITH_AES_128_GCM_SHA256, TLS_DHE_RSA_WITH_AES_128_GCM_SHA256, TLS_DHE_DSS_WITH_AES_128_GCM_SHA256]
[2019-03-18T18:46:22.963][Instance 1][Port 49295] [2019-03-18T18:46:22.952]Starting handshake
[2019-03-18T18:46:22.963][Instance 1][Port 49295] [2019-03-18T18:46:22.958]Enabled protocols: [TLSv1, TLSv1.1, TLSv1.2]
[2019-03-18T18:46:22.963][Instance 1][Port 49295] [2019-03-18T18:46:22.958]Enabled cipher suites:[TLS_ECDHE_ECDSA_WITH_AES_256_CBC_SHA384, TLS_ECDHE_RSA_WITH_AES_256_CBC_SHA384, TLS_RSA_WITH_AES_256_CBC_SHA256, TLS_ECDH_ECDSA_WITH_AES_256_CBC_SHA384, TLS_ECDH_RSA_WITH_AES_256_CBC_SHA384, TLS_DHE_RSA_WITH_AES_256_CBC_SHA256, TLS_DHE_DSS_WITH_AES_256_CBC_SHA256, TLS_ECDHE_ECDSA_WITH_AES_256_CBC_SHA, TLS_ECDHE_RSA_WITH_AES_256_CBC_SHA, TLS_RSA_WITH_AES_256_CBC_SHA, TLS_ECDH_ECDSA_WITH_AES_256_CBC_SHA, TLS_ECDH_RSA_WITH_AES_256_CBC_SHA, TLS_DHE_RSA_WITH_AES_256_CBC_SHA, TLS_DHE_DSS_WITH_AES_256_CBC_SHA, TLS_ECDHE_ECDSA_WITH_AES_128_CBC_SHA256, TLS_ECDHE_RSA_WITH_AES_128_CBC_SHA256, TLS_RSA_WITH_AES_128_CBC_SHA256, TLS_ECDH_ECDSA_WITH_AES_128_CBC_SHA256, TLS_ECDH_RSA_WITH_AES_128_CBC_SHA256, TLS_DHE_RSA_WITH_AES_128_CBC_SHA256, TLS_DHE_DSS_WITH_AES_128_CBC_SHA256, TLS_ECDHE_ECDSA_WITH_AES_128_CBC_SHA, TLS_ECDHE_RSA_WITH_AES_128_CBC_SHA, TLS_RSA_WITH_AES_128_CBC_SHA, TLS_ECDH_ECDSA_WITH_AES_128_CBC_SHA, TLS_ECDH_RSA_WITH_AES_128_CBC_SHA, TLS_DHE_RSA_WITH_AES_128_CBC_SHA, TLS_DHE_DSS_WITH_AES_128_CBC_SHA, TLS_ECDHE_ECDSA_WITH_AES_256_GCM_SHA384, TLS_ECDHE_ECDSA_WITH_AES_128_GCM_SHA256, TLS_ECDHE_RSA_WITH_AES_256_GCM_SHA384, TLS_RSA_WITH_AES_256_GCM_SHA384, TLS_ECDH_ECDSA_WITH_AES_256_GCM_SHA384, TLS_ECDH_RSA_WITH_AES_256_GCM_SHA384, TLS_DHE_RSA_WITH_AES_256_GCM_SHA384, TLS_DHE_DSS_WITH_AES_256_GCM_SHA384, TLS_ECDHE_RSA_WITH_AES_128_GCM_SHA256, TLS_RSA_WITH_AES_128_GCM_SHA256, TLS_ECDH_ECDSA_WITH_AES_128_GCM_SHA256, TLS_ECDH_RSA_WITH_AES_128_GCM_SHA256, TLS_DHE_RSA_WITH_AES_128_GCM_SHA256, TLS_DHE_DSS_WITH_AES_128_GCM_SHA256]
[2019-03-18T18:46:22.963][Instance 1][Port 49295] [2019-03-18T18:46:22.958]Starting handshake
[2019-03-18T18:46:22.988][Instance 1][Port 49295] [2019-03-18T18:46:22.973]Enabled protocols: [TLSv1, TLSv1.1, TLSv1.2]
[2019-03-18T18:46:22.989][Instance 1][Port 49295] [2019-03-18T18:46:22.973]Enabled cipher suites:[TLS_ECDHE_ECDSA_WITH_AES_256_CBC_SHA384, TLS_ECDHE_RSA_WITH_AES_256_CBC_SHA384, TLS_RSA_WITH_AES_256_CBC_SHA256, TLS_ECDH_ECDSA_WITH_AES_256_CBC_SHA384, TLS_ECDH_RSA_WITH_AES_256_CBC_SHA384, TLS_DHE_RSA_WITH_AES_256_CBC_SHA256, TLS_DHE_DSS_WITH_AES_256_CBC_SHA256, TLS_ECDHE_ECDSA_WITH_AES_256_CBC_SHA, TLS_ECDHE_RSA_WITH_AES_256_CBC_SHA, TLS_RSA_WITH_AES_256_CBC_SHA, TLS_ECDH_ECDSA_WITH_AES_256_CBC_SHA, TLS_ECDH_RSA_WITH_AES_256_CBC_SHA, TLS_DHE_RSA_WITH_AES_256_CBC_SHA, TLS_DHE_DSS_WITH_AES_256_CBC_SHA, TLS_ECDHE_ECDSA_WITH_AES_128_CBC_SHA256, TLS_ECDHE_RSA_WITH_AES_128_CBC_SHA256, TLS_RSA_WITH_AES_128_CBC_SHA256, TLS_ECDH_ECDSA_WITH_AES_128_CBC_SHA256, TLS_ECDH_RSA_WITH_AES_128_CBC_SHA256, TLS_DHE_RSA_WITH_AES_128_CBC_SHA256, TLS_DHE_DSS_WITH_AES_128_CBC_SHA256, TLS_ECDHE_ECDSA_WITH_AES_128_CBC_SHA, TLS_ECDHE_RSA_WITH_AES_128_CBC_SHA, TLS_RSA_WITH_AES_128_CBC_SHA, TLS_ECDH_ECDSA_WITH_AES_128_CBC_SHA, TLS_ECDH_RSA_WITH_AES_128_CBC_SHA, TLS_DHE_RSA_WITH_AES_128_CBC_SHA, TLS_DHE_DSS_WITH_AES_128_CBC_SHA, TLS_ECDHE_ECDSA_WITH_AES_256_GCM_SHA384, TLS_ECDHE_ECDSA_WITH_AES_128_GCM_SHA256, TLS_ECDHE_RSA_WITH_AES_256_GCM_SHA384, TLS_RSA_WITH_AES_256_GCM_SHA384, TLS_ECDH_ECDSA_WITH_AES_256_GCM_SHA384, TLS_ECDH_RSA_WITH_AES_256_GCM_SHA384, TLS_DHE_RSA_WITH_AES_256_GCM_SHA384, TLS_DHE_DSS_WITH_AES_256_GCM_SHA384, TLS_ECDHE_RSA_WITH_AES_128_GCM_SHA256, TLS_RSA_WITH_AES_128_GCM_SHA256, TLS_ECDH_ECDSA_WITH_AES_128_GCM_SHA256, TLS_ECDH_RSA_WITH_AES_128_GCM_SHA256, TLS_DHE_RSA_WITH_AES_128_GCM_SHA256, TLS_DHE_DSS_WITH_AES_128_GCM_SHA256]
[2019-03-18T18:46:22.989][Instance 1][Port 49295] [2019-03-18T18:46:22.974]Starting handshake
[2019-03-18T18:46:22.989][Instance 1][Port 49295] [2019-03-18T18:46:22.974]Secure session established
[2019-03-18T18:46:22.989][Instance 1][Port 49295] [2019-03-18T18:46:22.974] negotiated protocol: TLSv1.2
[2019-03-18T18:46:22.989][Instance 1][Port 49295] [2019-03-18T18:46:22.974] negotiated cipher suite: TLS_ECDHE_RSA_WITH_AES_256_CBC_SHA384
[2019-03-18T18:46:22.989][Instance 1][Port 49295] [2019-03-18T18:46:22.975] peer principal: OU=LittleProxy MITM, O=Impersonated Certificate, CN=learn.zybooks.com
[2019-03-18T18:46:22.989][Instance 1][Port 49295] [2019-03-18T18:46:22.975] peer alternative names: [learn.zybooks.com]
[2019-03-18T18:46:22.990][Instance 1][Port 49295] [2019-03-18T18:46:22.976] issuer principal: O=LittleProxy RSA Impersonation CA, CN=LittleProxy MITM
[2019-03-18T18:46:22.990][Instance 1][Port 49295] [2019-03-18T18:46:22.979]Secure session established
[2019-03-18T18:46:22.990][Instance 1][Port 49295] [2019-03-18T18:46:22.979]Secure session established
[2019-03-18T18:46:22.990][Instance 1][Port 49295] [2019-03-18T18:46:22.979] negotiated protocol: TLSv1.2
[2019-03-18T18:46:22.990][Instance 1][Port 49295] [2019-03-18T18:46:22.979] negotiated protocol: TLSv1.2
[2019-03-18T18:46:22.990][Instance 1][Port 49295] [2019-03-18T18:46:22.979] negotiated cipher suite: TLS_ECDHE_RSA_WITH_AES_256_CBC_SHA384
[2019-03-18T18:46:22.990][Instance 1][Port 49295] [2019-03-18T18:46:22.979] negotiated cipher suite: TLS_ECDHE_RSA_WITH_AES_256_CBC_SHA384
[2019-03-18T18:46:22.990][Instance 1][Port 49295] [2019-03-18T18:46:22.980] peer principal: OU=LittleProxy MITM, O=Impersonated Certificate, CN=learn.zybooks.com
[2019-03-18T18:46:22.990][Instance 1][Port 49295] [2019-03-18T18:46:22.980] peer principal: OU=LittleProxy MITM, O=Impersonated Certificate, CN=learn.zybooks.com
[2019-03-18T18:46:22.991][Instance 1][Port 49295] [2019-03-18T18:46:22.980] peer alternative names: [learn.zybooks.com]
[2019-03-18T18:46:22.991][Instance 1][Port 49295] [2019-03-18T18:46:22.980] peer alternative names: [learn.zybooks.com]
[2019-03-18T18:46:22.991][Instance 1][Port 49295] [2019-03-18T18:46:22.980] issuer principal: O=LittleProxy RSA Impersonation CA, CN=LittleProxy MITM
[2019-03-18T18:46:22.991][Instance 1][Port 49295] [2019-03-18T18:46:22.980] issuer principal: O=LittleProxy RSA Impersonation CA, CN=LittleProxy MITM
[2019-03-18T18:46:22.995][Instance 1][Port 49295] [2019-03-18T18:46:22.994]Secure session established
[2019-03-18T18:46:22.995][Instance 1][Port 49295] [2019-03-18T18:46:22.995] negotiated protocol: TLSv1.2
[2019-03-18T18:46:22.997][Instance 1][Port 49295] [2019-03-18T18:46:22.995] negotiated cipher suite: TLS_ECDHE_RSA_WITH_AES_256_CBC_SHA384
[2019-03-18T18:46:22.997][Instance 1][Port 49295] [2019-03-18T18:46:22.995] peer principal: OU=LittleProxy MITM, O=Impersonated Certificate, CN=learn.zybooks.com
[2019-03-18T18:46:22.997][Instance 1][Port 49295] [2019-03-18T18:46:22.996] peer alternative names: [learn.zybooks.com]
[2019-03-18T18:46:22.997][Instance 1][Port 49295] [2019-03-18T18:46:22.996] issuer principal: O=LittleProxy RSA Impersonation CA, CN=LittleProxy MITM
[2019-03-18T18:46:23.018][Instance 1][Port 49295] [2019-03-18T18:46:23.016]Enabled protocols: [TLSv1, TLSv1.1, TLSv1.2]
[2019-03-18T18:46:23.018][Instance 1][Port 49295] [2019-03-18T18:46:23.016]Enabled cipher suites:[TLS_ECDHE_ECDSA_WITH_AES_256_CBC_SHA384, TLS_ECDHE_RSA_WITH_AES_256_CBC_SHA384, TLS_RSA_WITH_AES_256_CBC_SHA256, TLS_ECDH_ECDSA_WITH_AES_256_CBC_SHA384, TLS_ECDH_RSA_WITH_AES_256_CBC_SHA384, TLS_DHE_RSA_WITH_AES_256_CBC_SHA256, TLS_DHE_DSS_WITH_AES_256_CBC_SHA256, TLS_ECDHE_ECDSA_WITH_AES_256_CBC_SHA, TLS_ECDHE_RSA_WITH_AES_256_CBC_SHA, TLS_RSA_WITH_AES_256_CBC_SHA, TLS_ECDH_ECDSA_WITH_AES_256_CBC_SHA, TLS_ECDH_RSA_WITH_AES_256_CBC_SHA, TLS_DHE_RSA_WITH_AES_256_CBC_SHA, TLS_DHE_DSS_WITH_AES_256_CBC_SHA, TLS_ECDHE_ECDSA_WITH_AES_128_CBC_SHA256, TLS_ECDHE_RSA_WITH_AES_128_CBC_SHA256, TLS_RSA_WITH_AES_128_CBC_SHA256, TLS_ECDH_ECDSA_WITH_AES_128_CBC_SHA256, TLS_ECDH_RSA_WITH_AES_128_CBC_SHA256, TLS_DHE_RSA_WITH_AES_128_CBC_SHA256, TLS_DHE_DSS_WITH_AES_128_CBC_SHA256, TLS_ECDHE_ECDSA_WITH_AES_128_CBC_SHA, TLS_ECDHE_RSA_WITH_AES_128_CBC_SHA, TLS_RSA_WITH_AES_128_CBC_SHA, TLS_ECDH_ECDSA_WITH_AES_128_CBC_SHA, TLS_ECDH_RSA_WITH_AES_128_CBC_SHA, TLS_DHE_RSA_WITH_AES_128_CBC_SHA, TLS_DHE_DSS_WITH_AES_128_CBC_SHA, TLS_ECDHE_ECDSA_WITH_AES_256_GCM_SHA384, TLS_ECDHE_ECDSA_WITH_AES_128_GCM_SHA256, TLS_ECDHE_RSA_WITH_AES_256_GCM_SHA384, TLS_RSA_WITH_AES_256_GCM_SHA384, TLS_ECDH_ECDSA_WITH_AES_256_GCM_SHA384, TLS_ECDH_RSA_WITH_AES_256_GCM_SHA384, TLS_DHE_RSA_WITH_AES_256_GCM_SHA384, TLS_DHE_DSS_WITH_AES_256_GCM_SHA384, TLS_ECDHE_RSA_WITH_AES_128_GCM_SHA256, TLS_RSA_WITH_AES_128_GCM_SHA256, TLS_ECDH_ECDSA_WITH_AES_128_GCM_SHA256, TLS_ECDH_RSA_WITH_AES_128_GCM_SHA256, TLS_DHE_RSA_WITH_AES_128_GCM_SHA256, TLS_DHE_DSS_WITH_AES_128_GCM_SHA256]
[2019-03-18T18:46:23.019][Instance 1][Port 49295] [2019-03-18T18:46:23.016]Starting handshake
[2019-03-18T18:46:23.061][Instance 1][Port 49295] [2019-03-18T18:46:23.050]Enabled protocols: [TLSv1, TLSv1.1, TLSv1.2]
[2019-03-18T18:46:23.061][Instance 1][Port 49295] [2019-03-18T18:46:23.050]Enabled cipher suites:[TLS_ECDHE_ECDSA_WITH_AES_256_CBC_SHA384, TLS_ECDHE_RSA_WITH_AES_256_CBC_SHA384, TLS_RSA_WITH_AES_256_CBC_SHA256, TLS_ECDH_ECDSA_WITH_AES_256_CBC_SHA384, TLS_ECDH_RSA_WITH_AES_256_CBC_SHA384, TLS_DHE_RSA_WITH_AES_256_CBC_SHA256, TLS_DHE_DSS_WITH_AES_256_CBC_SHA256, TLS_ECDHE_ECDSA_WITH_AES_256_CBC_SHA, TLS_ECDHE_RSA_WITH_AES_256_CBC_SHA, TLS_RSA_WITH_AES_256_CBC_SHA, TLS_ECDH_ECDSA_WITH_AES_256_CBC_SHA, TLS_ECDH_RSA_WITH_AES_256_CBC_SHA, TLS_DHE_RSA_WITH_AES_256_CBC_SHA, TLS_DHE_DSS_WITH_AES_256_CBC_SHA, TLS_ECDHE_ECDSA_WITH_AES_128_CBC_SHA256, TLS_ECDHE_RSA_WITH_AES_128_CBC_SHA256, TLS_RSA_WITH_AES_128_CBC_SHA256, TLS_ECDH_ECDSA_WITH_AES_128_CBC_SHA256, TLS_ECDH_RSA_WITH_AES_128_CBC_SHA256, TLS_DHE_RSA_WITH_AES_128_CBC_SHA256, TLS_DHE_DSS_WITH_AES_128_CBC_SHA256, TLS_ECDHE_ECDSA_WITH_AES_128_CBC_SHA, TLS_ECDHE_RSA_WITH_AES_128_CBC_SHA, TLS_RSA_WITH_AES_128_CBC_SHA, TLS_ECDH_ECDSA_WITH_AES_128_CBC_SHA, TLS_ECDH_RSA_WITH_AES_128_CBC_SHA, TLS_DHE_RSA_WITH_AES_128_CBC_SHA, TLS_DHE_DSS_WITH_AES_128_CBC_SHA, TLS_ECDHE_ECDSA_WITH_AES_256_GCM_SHA384, TLS_ECDHE_ECDSA_WITH_AES_128_GCM_SHA256, TLS_ECDHE_RSA_WITH_AES_256_GCM_SHA384, TLS_RSA_WITH_AES_256_GCM_SHA384, TLS_ECDH_ECDSA_WITH_AES_256_GCM_SHA384, TLS_ECDH_RSA_WITH_AES_256_GCM_SHA384, TLS_DHE_RSA_WITH_AES_256_GCM_SHA384, TLS_DHE_DSS_WITH_AES_256_GCM_SHA384, TLS_ECDHE_RSA_WITH_AES_128_GCM_SHA256, TLS_RSA_WITH_AES_128_GCM_SHA256, TLS_ECDH_ECDSA_WITH_AES_128_GCM_SHA256, TLS_ECDH_RSA_WITH_AES_128_GCM_SHA256, TLS_DHE_RSA_WITH_AES_128_GCM_SHA256, TLS_DHE_DSS_WITH_AES_128_GCM_SHA256]
[2019-03-18T18:46:23.132][Instance 1][Port 49295] [2019-03-18T18:46:23.051]Starting handshake
[2019-03-18T18:46:23.142][Instance 1][Port 49295] [2019-03-18T18:46:23.056]Enabled protocols: [TLSv1, TLSv1.1, TLSv1.2]
[2019-03-18T18:46:23.142][Instance 1][Port 49295] [2019-03-18T18:46:23.057]Enabled cipher suites:[TLS_ECDHE_ECDSA_WITH_AES_256_CBC_SHA384, TLS_ECDHE_RSA_WITH_AES_256_CBC_SHA384, TLS_RSA_WITH_AES_256_CBC_SHA256, TLS_ECDH_ECDSA_WITH_AES_256_CBC_SHA384, TLS_ECDH_RSA_WITH_AES_256_CBC_SHA384, TLS_DHE_RSA_WITH_AES_256_CBC_SHA256, TLS_DHE_DSS_WITH_AES_256_CBC_SHA256, TLS_ECDHE_ECDSA_WITH_AES_256_CBC_SHA, TLS_ECDHE_RSA_WITH_AES_256_CBC_SHA, TLS_RSA_WITH_AES_256_CBC_SHA, TLS_ECDH_ECDSA_WITH_AES_256_CBC_SHA, TLS_ECDH_RSA_WITH_AES_256_CBC_SHA, TLS_DHE_RSA_WITH_AES_256_CBC_SHA, TLS_DHE_DSS_WITH_AES_256_CBC_SHA, TLS_ECDHE_ECDSA_WITH_AES_128_CBC_SHA256, TLS_ECDHE_RSA_WITH_AES_128_CBC_SHA256, TLS_RSA_WITH_AES_128_CBC_SHA256, TLS_ECDH_ECDSA_WITH_AES_128_CBC_SHA256, TLS_ECDH_RSA_WITH_AES_128_CBC_SHA256, TLS_DHE_RSA_WITH_AES_128_CBC_SHA256, TLS_DHE_DSS_WITH_AES_128_CBC_SHA256, TLS_ECDHE_ECDSA_WITH_AES_128_CBC_SHA, TLS_ECDHE_RSA_WITH_AES_128_CBC_SHA, TLS_RSA_WITH_AES_128_CBC_SHA, TLS_ECDH_ECDSA_WITH_AES_128_CBC_SHA, TLS_ECDH_RSA_WITH_AES_128_CBC_SHA, TLS_DHE_RSA_WITH_AES_128_CBC_SHA, TLS_DHE_DSS_WITH_AES_128_CBC_SHA, TLS_ECDHE_ECDSA_WITH_AES_256_GCM_SHA384, TLS_ECDHE_ECDSA_WITH_AES_128_GCM_SHA256, TLS_ECDHE_RSA_WITH_AES_256_GCM_SHA384, TLS_RSA_WITH_AES_256_GCM_SHA384, TLS_ECDH_ECDSA_WITH_AES_256_GCM_SHA384, TLS_ECDH_RSA_WITH_AES_256_GCM_SHA384, TLS_DHE_RSA_WITH_AES_256_GCM_SHA384, TLS_DHE_DSS_WITH_AES_256_GCM_SHA384, TLS_ECDHE_RSA_WITH_AES_128_GCM_SHA256, TLS_RSA_WITH_AES_128_GCM_SHA256, TLS_ECDH_ECDSA_WITH_AES_128_GCM_SHA256, TLS_ECDH_RSA_WITH_AES_128_GCM_SHA256, TLS_DHE_RSA_WITH_AES_128_GCM_SHA256, TLS_DHE_DSS_WITH_AES_128_GCM_SHA256]
[2019-03-18T18:46:23.143][Instance 1][Port 49295] [2019-03-18T18:46:23.057]Starting handshake
[2019-03-18T18:46:23.143][Instance 1][Port 49295] [2019-03-18T18:46:23.101]Enabled protocols: [TLSv1, TLSv1.1, TLSv1.2]
[2019-03-18T18:46:23.143][Instance 1][Port 49295] [2019-03-18T18:46:23.102]Enabled cipher suites:[TLS_ECDHE_ECDSA_WITH_AES_256_CBC_SHA384, TLS_ECDHE_RSA_WITH_AES_256_CBC_SHA384, TLS_RSA_WITH_AES_256_CBC_SHA256, TLS_ECDH_ECDSA_WITH_AES_256_CBC_SHA384, TLS_ECDH_RSA_WITH_AES_256_CBC_SHA384, TLS_DHE_RSA_WITH_AES_256_CBC_SHA256, TLS_DHE_DSS_WITH_AES_256_CBC_SHA256, TLS_ECDHE_ECDSA_WITH_AES_256_CBC_SHA, TLS_ECDHE_RSA_WITH_AES_256_CBC_SHA, TLS_RSA_WITH_AES_256_CBC_SHA, TLS_ECDH_ECDSA_WITH_AES_256_CBC_SHA, TLS_ECDH_RSA_WITH_AES_256_CBC_SHA, TLS_DHE_RSA_WITH_AES_256_CBC_SHA, TLS_DHE_DSS_WITH_AES_256_CBC_SHA, TLS_ECDHE_ECDSA_WITH_AES_128_CBC_SHA256, TLS_ECDHE_RSA_WITH_AES_128_CBC_SHA256, TLS_RSA_WITH_AES_128_CBC_SHA256, TLS_ECDH_ECDSA_WITH_AES_128_CBC_SHA256, TLS_ECDH_RSA_WITH_AES_128_CBC_SHA256, TLS_DHE_RSA_WITH_AES_128_CBC_SHA256, TLS_DHE_DSS_WITH_AES_128_CBC_SHA256, TLS_ECDHE_ECDSA_WITH_AES_128_CBC_SHA, TLS_ECDHE_RSA_WITH_AES_128_CBC_SHA, TLS_RSA_WITH_AES_128_CBC_SHA, TLS_ECDH_ECDSA_WITH_AES_128_CBC_SHA, TLS_ECDH_RSA_WITH_AES_128_CBC_SHA, TLS_DHE_RSA_WITH_AES_128_CBC_SHA, TLS_DHE_DSS_WITH_AES_128_CBC_SHA, TLS_ECDHE_ECDSA_WITH_AES_256_GCM_SHA384, TLS_ECDHE_ECDSA_WITH_AES_128_GCM_SHA256, TLS_ECDHE_RSA_WITH_AES_256_GCM_SHA384, TLS_RSA_WITH_AES_256_GCM_SHA384, TLS_ECDH_ECDSA_WITH_AES_256_GCM_SHA384, TLS_ECDH_RSA_WITH_AES_256_GCM_SHA384, TLS_DHE_RSA_WITH_AES_256_GCM_SHA384, TLS_DHE_DSS_WITH_AES_256_GCM_SHA384, TLS_ECDHE_RSA_WITH_AES_128_GCM_SHA256, TLS_RSA_WITH_AES_128_GCM_SHA256, TLS_ECDH_ECDSA_WITH_AES_128_GCM_SHA256, TLS_ECDH_RSA_WITH_AES_128_GCM_SHA256, TLS_DHE_RSA_WITH_AES_128_GCM_SHA256, TLS_DHE_DSS_WITH_AES_128_GCM_SHA256]
[2019-03-18T18:46:23.144][Instance 1][Port 49295] [2019-03-18T18:46:23.102]Starting handshake
[2019-03-18T18:46:23.167][Instance 1][Port 49295] [2019-03-18T18:46:23.167]Enabled protocols: [TLSv1, TLSv1.1, TLSv1.2]
[2019-03-18T18:46:23.168][Instance 1][Port 49295] [2019-03-18T18:46:23.167]Enabled cipher suites:[TLS_ECDHE_ECDSA_WITH_AES_256_CBC_SHA384, TLS_ECDHE_RSA_WITH_AES_256_CBC_SHA384, TLS_RSA_WITH_AES_256_CBC_SHA256, TLS_ECDH_ECDSA_WITH_AES_256_CBC_SHA384, TLS_ECDH_RSA_WITH_AES_256_CBC_SHA384, TLS_DHE_RSA_WITH_AES_256_CBC_SHA256, TLS_DHE_DSS_WITH_AES_256_CBC_SHA256, TLS_ECDHE_ECDSA_WITH_AES_256_CBC_SHA, TLS_ECDHE_RSA_WITH_AES_256_CBC_SHA, TLS_RSA_WITH_AES_256_CBC_SHA, TLS_ECDH_ECDSA_WITH_AES_256_CBC_SHA, TLS_ECDH_RSA_WITH_AES_256_CBC_SHA, TLS_DHE_RSA_WITH_AES_256_CBC_SHA, TLS_DHE_DSS_WITH_AES_256_CBC_SHA, TLS_ECDHE_ECDSA_WITH_AES_128_CBC_SHA256, TLS_ECDHE_RSA_WITH_AES_128_CBC_SHA256, TLS_RSA_WITH_AES_128_CBC_SHA256, TLS_ECDH_ECDSA_WITH_AES_128_CBC_SHA256, TLS_ECDH_RSA_WITH_AES_128_CBC_SHA256, TLS_DHE_RSA_WITH_AES_128_CBC_SHA256, TLS_DHE_DSS_WITH_AES_128_CBC_SHA256, TLS_ECDHE_ECDSA_WITH_AES_128_CBC_SHA, TLS_ECDHE_RSA_WITH_AES_128_CBC_SHA, TLS_RSA_WITH_AES_128_CBC_SHA, TLS_ECDH_ECDSA_WITH_AES_128_CBC_SHA, TLS_ECDH_RSA_WITH_AES_128_CBC_SHA, TLS_DHE_RSA_WITH_AES_128_CBC_SHA, TLS_DHE_DSS_WITH_AES_128_CBC_SHA, TLS_ECDHE_ECDSA_WITH_AES_256_GCM_SHA384, TLS_ECDHE_ECDSA_WITH_AES_128_GCM_SHA256, TLS_ECDHE_RSA_WITH_AES_256_GCM_SHA384, TLS_RSA_WITH_AES_256_GCM_SHA384, TLS_ECDH_ECDSA_WITH_AES_256_GCM_SHA384, TLS_ECDH_RSA_WITH_AES_256_GCM_SHA384, TLS_DHE_RSA_WITH_AES_256_GCM_SHA384, TLS_DHE_DSS_WITH_AES_256_GCM_SHA384, TLS_ECDHE_RSA_WITH_AES_128_GCM_SHA256, TLS_RSA_WITH_AES_128_GCM_SHA256, TLS_ECDH_ECDSA_WITH_AES_128_GCM_SHA256, TLS_ECDH_RSA_WITH_AES_128_GCM_SHA256, TLS_DHE_RSA_WITH_AES_128_GCM_SHA256, TLS_DHE_DSS_WITH_AES_128_GCM_SHA256]
[2019-03-18T18:46:23.168][Instance 1][Port 49295] [2019-03-18T18:46:23.167]Starting handshake
[2019-03-18T18:46:23.791][Instance 1][Port 49295] [2019-03-18T18:46:23.790]Secure session established
[2019-03-18T18:46:23.791][Instance 1][Port 49295] [2019-03-18T18:46:23.791] negotiated protocol: TLSv1.2
[2019-03-18T18:46:23.791][Instance 1][Port 49295] [2019-03-18T18:46:23.791] negotiated cipher suite: TLS_ECDHE_RSA_WITH_AES_256_CBC_SHA384
[2019-03-18T18:46:23.792][Instance 1][Port 49295] [2019-03-18T18:46:23.791] peer principal: OU=LittleProxy MITM, O=Impersonated Certificate, CN=fonts.googleapis.com
[2019-03-18T18:46:23.792][Instance 1][Port 49295] [2019-03-18T18:46:23.792] peer alternative names: [fonts.googleapis.com]
[2019-03-18T18:46:23.792][Instance 1][Port 49295] [2019-03-18T18:46:23.792] issuer principal: O=LittleProxy RSA Impersonation CA, CN=LittleProxy MITM
[2019-03-18T18:46:23.802][Instance 1][Port 49295] [2019-03-18T18:46:23.801]Secure session established
[2019-03-18T18:46:23.802][Instance 1][Port 49295] [2019-03-18T18:46:23.802] negotiated protocol: TLSv1.2
[2019-03-18T18:46:23.802][Instance 1][Port 49295] [2019-03-18T18:46:23.802] negotiated cipher suite: TLS_ECDHE_RSA_WITH_AES_256_CBC_SHA384
[2019-03-18T18:46:23.803][Instance 1][Port 49295] [2019-03-18T18:46:23.802] peer principal: OU=LittleProxy MITM, O=Impersonated Certificate, CN=fonts.googleapis.com
[2019-03-18T18:46:23.803][Instance 1][Port 49295] [2019-03-18T18:46:23.803] peer alternative names: [fonts.googleapis.com]
[2019-03-18T18:46:23.803][Instance 1][Port 49295] [2019-03-18T18:46:23.803] issuer principal: O=LittleProxy RSA Impersonation CA, CN=LittleProxy MITM
[2019-03-18T18:46:23.961][Instance 1][Port 49295] [2019-03-18T18:46:23.961]Secure session established
[2019-03-18T18:46:23.961][Instance 1][Port 49295] [2019-03-18T18:46:23.961] negotiated protocol: TLSv1.2
[2019-03-18T18:46:23.961][Instance 1][Port 49295] [2019-03-18T18:46:23.961] negotiated cipher suite: TLS_ECDHE_RSA_WITH_AES_256_CBC_SHA384
[2019-03-18T18:46:23.962][Instance 1][Port 49295] [2019-03-18T18:46:23.961] peer principal: OU=LittleProxy MITM, O=Impersonated Certificate, CN=mathjax.zybooks.com
[2019-03-18T18:46:23.962][Instance 1][Port 49295] [2019-03-18T18:46:23.962] peer alternative names: [mathjax.zybooks.com]
[2019-03-18T18:46:23.963][Instance 1][Port 49295] [2019-03-18T18:46:23.962] issuer principal: O=LittleProxy RSA Impersonation CA, CN=LittleProxy MITM
[2019-03-18T18:46:24.165][Instance 1][Port 49295] [2019-03-18T18:46:24.164]Secure session established
[2019-03-18T18:46:24.165][Instance 1][Port 49295] [2019-03-18T18:46:24.165] negotiated protocol: TLSv1.2
[2019-03-18T18:46:24.165][Instance 1][Port 49295] [2019-03-18T18:46:24.165] negotiated cipher suite: TLS_ECDHE_RSA_WITH_AES_256_CBC_SHA384
[2019-03-18T18:46:24.166][Instance 1][Port 49295] [2019-03-18T18:46:24.165] peer principal: OU=LittleProxy MITM, O=Impersonated Certificate, CN=js.stripe.com
[2019-03-18T18:46:24.166][Instance 1][Port 49295] [2019-03-18T18:46:24.166] peer alternative names: [js.stripe.com]
[2019-03-18T18:46:24.166][Instance 1][Port 49295] [2019-03-18T18:46:24.166] issuer principal: O=LittleProxy RSA Impersonation CA, CN=LittleProxy MITM
[2019-03-18T18:46:24.331][Instance 1][Port 49295] [2019-03-18T18:46:24.331]Secure session established
[2019-03-18T18:46:24.333][Instance 1][Port 49295] [2019-03-18T18:46:24.331] negotiated protocol: TLSv1.2
[2019-03-18T18:46:24.333][Instance 1][Port 49295] [2019-03-18T18:46:24.333] negotiated cipher suite: TLS_ECDHE_RSA_WITH_AES_256_CBC_SHA384
[2019-03-18T18:46:24.333][Instance 1][Port 49295] [2019-03-18T18:46:24.333] peer principal: OU=LittleProxy MITM, O=Impersonated Certificate, CN=checkout.stripe.com
[2019-03-18T18:46:24.333][Instance 1][Port 49295] [2019-03-18T18:46:24.333] peer alternative names: [checkout.stripe.com]
[2019-03-18T18:46:24.333][Instance 1][Port 49295] [2019-03-18T18:46:24.333] issuer principal: O=LittleProxy RSA Impersonation CA, CN=LittleProxy MITM
[2019-03-18T18:46:25.892][Instance 1][Port 49295] [2019-03-18T18:46:25.892]Enabled protocols: [TLSv1, TLSv1.1, TLSv1.2]
[2019-03-18T18:46:25.893][Instance 1][Port 49295] [2019-03-18T18:46:25.892]Enabled cipher suites:[TLS_ECDHE_ECDSA_WITH_AES_256_CBC_SHA384, TLS_ECDHE_RSA_WITH_AES_256_CBC_SHA384, TLS_RSA_WITH_AES_256_CBC_SHA256, TLS_ECDH_ECDSA_WITH_AES_256_CBC_SHA384, TLS_ECDH_RSA_WITH_AES_256_CBC_SHA384, TLS_DHE_RSA_WITH_AES_256_CBC_SHA256, TLS_DHE_DSS_WITH_AES_256_CBC_SHA256, TLS_ECDHE_ECDSA_WITH_AES_256_CBC_SHA, TLS_ECDHE_RSA_WITH_AES_256_CBC_SHA, TLS_RSA_WITH_AES_256_CBC_SHA, TLS_ECDH_ECDSA_WITH_AES_256_CBC_SHA, TLS_ECDH_RSA_WITH_AES_256_CBC_SHA, TLS_DHE_RSA_WITH_AES_256_CBC_SHA, TLS_DHE_DSS_WITH_AES_256_CBC_SHA, TLS_ECDHE_ECDSA_WITH_AES_128_CBC_SHA256, TLS_ECDHE_RSA_WITH_AES_128_CBC_SHA256, TLS_RSA_WITH_AES_128_CBC_SHA256, TLS_ECDH_ECDSA_WITH_AES_128_CBC_SHA256, TLS_ECDH_RSA_WITH_AES_128_CBC_SHA256, TLS_DHE_RSA_WITH_AES_128_CBC_SHA256, TLS_DHE_DSS_WITH_AES_128_CBC_SHA256, TLS_ECDHE_ECDSA_WITH_AES_128_CBC_SHA, TLS_ECDHE_RSA_WITH_AES_128_CBC_SHA, TLS_RSA_WITH_AES_128_CBC_SHA, TLS_ECDH_ECDSA_WITH_AES_128_CBC_SHA, TLS_ECDH_RSA_WITH_AES_128_CBC_SHA, TLS_DHE_RSA_WITH_AES_128_CBC_SHA, TLS_DHE_DSS_WITH_AES_128_CBC_SHA, TLS_ECDHE_ECDSA_WITH_AES_256_GCM_SHA384, TLS_ECDHE_ECDSA_WITH_AES_128_GCM_SHA256, TLS_ECDHE_RSA_WITH_AES_256_GCM_SHA384, TLS_RSA_WITH_AES_256_GCM_SHA384, TLS_ECDH_ECDSA_WITH_AES_256_GCM_SHA384, TLS_ECDH_RSA_WITH_AES_256_GCM_SHA384, TLS_DHE_RSA_WITH_AES_256_GCM_SHA384, TLS_DHE_DSS_WITH_AES_256_GCM_SHA384, TLS_ECDHE_RSA_WITH_AES_128_GCM_SHA256, TLS_RSA_WITH_AES_128_GCM_SHA256, TLS_ECDH_ECDSA_WITH_AES_128_GCM_SHA256, TLS_ECDH_RSA_WITH_AES_128_GCM_SHA256, TLS_DHE_RSA_WITH_AES_128_GCM_SHA256, TLS_DHE_DSS_WITH_AES_128_GCM_SHA256]
[2019-03-18T18:46:25.893][Instance 1][Port 49295] [2019-03-18T18:46:25.893]Starting handshake
[2019-03-18T18:46:25.909][Instance 1][Port 49295] [2019-03-18T18:46:25.909]Enabled protocols: [TLSv1, TLSv1.1, TLSv1.2]
[2019-03-18T18:46:25.910][Instance 1][Port 49295] [2019-03-18T18:46:25.909]Enabled cipher suites:[TLS_ECDHE_ECDSA_WITH_AES_256_CBC_SHA384, TLS_ECDHE_RSA_WITH_AES_256_CBC_SHA384, TLS_RSA_WITH_AES_256_CBC_SHA256, TLS_ECDH_ECDSA_WITH_AES_256_CBC_SHA384, TLS_ECDH_RSA_WITH_AES_256_CBC_SHA384, TLS_DHE_RSA_WITH_AES_256_CBC_SHA256, TLS_DHE_DSS_WITH_AES_256_CBC_SHA256, TLS_ECDHE_ECDSA_WITH_AES_256_CBC_SHA, TLS_ECDHE_RSA_WITH_AES_256_CBC_SHA, TLS_RSA_WITH_AES_256_CBC_SHA, TLS_ECDH_ECDSA_WITH_AES_256_CBC_SHA, TLS_ECDH_RSA_WITH_AES_256_CBC_SHA, TLS_DHE_RSA_WITH_AES_256_CBC_SHA, TLS_DHE_DSS_WITH_AES_256_CBC_SHA, TLS_ECDHE_ECDSA_WITH_AES_128_CBC_SHA256, TLS_ECDHE_RSA_WITH_AES_128_CBC_SHA256, TLS_RSA_WITH_AES_128_CBC_SHA256, TLS_ECDH_ECDSA_WITH_AES_128_CBC_SHA256, TLS_ECDH_RSA_WITH_AES_128_CBC_SHA256, TLS_DHE_RSA_WITH_AES_128_CBC_SHA256, TLS_DHE_DSS_WITH_AES_128_CBC_SHA256, TLS_ECDHE_ECDSA_WITH_AES_128_CBC_SHA, TLS_ECDHE_RSA_WITH_AES_128_CBC_SHA, TLS_RSA_WITH_AES_128_CBC_SHA, TLS_ECDH_ECDSA_WITH_AES_128_CBC_SHA, TLS_ECDH_RSA_WITH_AES_128_CBC_SHA, TLS_DHE_RSA_WITH_AES_128_CBC_SHA, TLS_DHE_DSS_WITH_AES_128_CBC_SHA, TLS_ECDHE_ECDSA_WITH_AES_256_GCM_SHA384, TLS_ECDHE_ECDSA_WITH_AES_128_GCM_SHA256, TLS_ECDHE_RSA_WITH_AES_256_GCM_SHA384, TLS_RSA_WITH_AES_256_GCM_SHA384, TLS_ECDH_ECDSA_WITH_AES_256_GCM_SHA384, TLS_ECDH_RSA_WITH_AES_256_GCM_SHA384, TLS_DHE_RSA_WITH_AES_256_GCM_SHA384, TLS_DHE_DSS_WITH_AES_256_GCM_SHA384, TLS_ECDHE_RSA_WITH_AES_128_GCM_SHA256, TLS_RSA_WITH_AES_128_GCM_SHA256, TLS_ECDH_ECDSA_WITH_AES_128_GCM_SHA256, TLS_ECDH_RSA_WITH_AES_128_GCM_SHA256, TLS_DHE_RSA_WITH_AES_128_GCM_SHA256, TLS_DHE_DSS_WITH_AES_128_GCM_SHA256]
[2019-03-18T18:46:25.910][Instance 1][Port 49295] [2019-03-18T18:46:25.909]Starting handshake
[2019-03-18T18:46:26.295][Instance 1][Port 49295] [2019-03-18T18:46:26.294]Secure session established
[2019-03-18T18:46:26.295][Instance 1][Port 49295] [2019-03-18T18:46:26.295] negotiated protocol: TLSv1.2
[2019-03-18T18:46:26.295][Instance 1][Port 49295] [2019-03-18T18:46:26.295] negotiated cipher suite: TLS_ECDHE_RSA_WITH_AES_256_CBC_SHA384
[2019-03-18T18:46:26.295][Instance 1][Port 49295] [2019-03-18T18:46:26.295] peer principal: OU=LittleProxy MITM, O=Impersonated Certificate, CN=m.stripe.network
[2019-03-18T18:46:26.296][Instance 1][Port 49295] [2019-03-18T18:46:26.295] peer alternative names: [m.stripe.network]
[2019-03-18T18:46:26.296][Instance 1][Port 49295] [2019-03-18T18:46:26.296] issuer principal: O=LittleProxy RSA Impersonation CA, CN=LittleProxy MITM
[2019-03-18T18:46:26.591][Instance 1][Port 49295] [2019-03-18T18:46:26.591]Secure session established
[2019-03-18T18:46:26.591][Instance 1][Port 49295] [2019-03-18T18:46:26.591] negotiated protocol: TLSv1.2
[2019-03-18T18:46:26.592][Instance 1][Port 49295] [2019-03-18T18:46:26.591] negotiated cipher suite: TLS_ECDHE_RSA_WITH_AES_256_CBC_SHA384
[2019-03-18T18:46:26.592][Instance 1][Port 49295] [2019-03-18T18:46:26.592] peer principal: OU=LittleProxy MITM, O=Impersonated Certificate, CN=www.google-analytics.com
[2019-03-18T18:46:26.592][Instance 1][Port 49295] [2019-03-18T18:46:26.592] peer alternative names: [www.google-analytics.com]
[2019-03-18T18:46:26.592][Instance 1][Port 49295] [2019-03-18T18:46:26.592] issuer principal: O=LittleProxy RSA Impersonation CA, CN=LittleProxy MITM
[2019-03-18T18:46:26.795][Instance 1][Port 49295] [2019-03-18T18:46:26.794]Enabled protocols: [TLSv1, TLSv1.1, TLSv1.2]
[2019-03-18T18:46:26.795][Instance 1][Port 49295] [2019-03-18T18:46:26.794]Enabled cipher suites:[TLS_ECDHE_ECDSA_WITH_AES_256_CBC_SHA384, TLS_ECDHE_RSA_WITH_AES_256_CBC_SHA384, TLS_RSA_WITH_AES_256_CBC_SHA256, TLS_ECDH_ECDSA_WITH_AES_256_CBC_SHA384, TLS_ECDH_RSA_WITH_AES_256_CBC_SHA384, TLS_DHE_RSA_WITH_AES_256_CBC_SHA256, TLS_DHE_DSS_WITH_AES_256_CBC_SHA256, TLS_ECDHE_ECDSA_WITH_AES_256_CBC_SHA, TLS_ECDHE_RSA_WITH_AES_256_CBC_SHA, TLS_RSA_WITH_AES_256_CBC_SHA, TLS_ECDH_ECDSA_WITH_AES_256_CBC_SHA, TLS_ECDH_RSA_WITH_AES_256_CBC_SHA, TLS_DHE_RSA_WITH_AES_256_CBC_SHA, TLS_DHE_DSS_WITH_AES_256_CBC_SHA, TLS_ECDHE_ECDSA_WITH_AES_128_CBC_SHA256, TLS_ECDHE_RSA_WITH_AES_128_CBC_SHA256, TLS_RSA_WITH_AES_128_CBC_SHA256, TLS_ECDH_ECDSA_WITH_AES_128_CBC_SHA256, TLS_ECDH_RSA_WITH_AES_128_CBC_SHA256, TLS_DHE_RSA_WITH_AES_128_CBC_SHA256, TLS_DHE_DSS_WITH_AES_128_CBC_SHA256, TLS_ECDHE_ECDSA_WITH_AES_128_CBC_SHA, TLS_ECDHE_RSA_WITH_AES_128_CBC_SHA, TLS_RSA_WITH_AES_128_CBC_SHA, TLS_ECDH_ECDSA_WITH_AES_128_CBC_SHA, TLS_ECDH_RSA_WITH_AES_128_CBC_SHA, TLS_DHE_RSA_WITH_AES_128_CBC_SHA, TLS_DHE_DSS_WITH_AES_128_CBC_SHA, TLS_ECDHE_ECDSA_WITH_AES_256_GCM_SHA384, TLS_ECDHE_ECDSA_WITH_AES_128_GCM_SHA256, TLS_ECDHE_RSA_WITH_AES_256_GCM_SHA384, TLS_RSA_WITH_AES_256_GCM_SHA384, TLS_ECDH_ECDSA_WITH_AES_256_GCM_SHA384, TLS_ECDH_RSA_WITH_AES_256_GCM_SHA384, TLS_DHE_RSA_WITH_AES_256_GCM_SHA384, TLS_DHE_DSS_WITH_AES_256_GCM_SHA384, TLS_ECDHE_RSA_WITH_AES_128_GCM_SHA256, TLS_RSA_WITH_AES_128_GCM_SHA256, TLS_ECDH_ECDSA_WITH_AES_128_GCM_SHA256, TLS_ECDH_RSA_WITH_AES_128_GCM_SHA256, TLS_DHE_RSA_WITH_AES_128_GCM_SHA256, TLS_DHE_DSS_WITH_AES_128_GCM_SHA256]
[2019-03-18T18:46:26.795][Instance 1][Port 49295] [2019-03-18T18:46:26.795]Starting handshake
[2019-03-18T18:46:26.893][Instance 1][Port 49295] [2019-03-18T18:46:26.892]Enabled protocols: [TLSv1, TLSv1.1, TLSv1.2]
[2019-03-18T18:46:26.893][Instance 1][Port 49295] [2019-03-18T18:46:26.893]Enabled cipher suites:[TLS_ECDHE_ECDSA_WITH_AES_256_CBC_SHA384, TLS_ECDHE_RSA_WITH_AES_256_CBC_SHA384, TLS_RSA_WITH_AES_256_CBC_SHA256, TLS_ECDH_ECDSA_WITH_AES_256_CBC_SHA384, TLS_ECDH_RSA_WITH_AES_256_CBC_SHA384, TLS_DHE_RSA_WITH_AES_256_CBC_SHA256, TLS_DHE_DSS_WITH_AES_256_CBC_SHA256, TLS_ECDHE_ECDSA_WITH_AES_256_CBC_SHA, TLS_ECDHE_RSA_WITH_AES_256_CBC_SHA, TLS_RSA_WITH_AES_256_CBC_SHA, TLS_ECDH_ECDSA_WITH_AES_256_CBC_SHA, TLS_ECDH_RSA_WITH_AES_256_CBC_SHA, TLS_DHE_RSA_WITH_AES_256_CBC_SHA, TLS_DHE_DSS_WITH_AES_256_CBC_SHA, TLS_ECDHE_ECDSA_WITH_AES_128_CBC_SHA256, TLS_ECDHE_RSA_WITH_AES_128_CBC_SHA256, TLS_RSA_WITH_AES_128_CBC_SHA256, TLS_ECDH_ECDSA_WITH_AES_128_CBC_SHA256, TLS_ECDH_RSA_WITH_AES_128_CBC_SHA256, TLS_DHE_RSA_WITH_AES_128_CBC_SHA256, TLS_DHE_DSS_WITH_AES_128_CBC_SHA256, TLS_ECDHE_ECDSA_WITH_AES_128_CBC_SHA, TLS_ECDHE_RSA_WITH_AES_128_CBC_SHA, TLS_RSA_WITH_AES_128_CBC_SHA, TLS_ECDH_ECDSA_WITH_AES_128_CBC_SHA, TLS_ECDH_RSA_WITH_AES_128_CBC_SHA, TLS_DHE_RSA_WITH_AES_128_CBC_SHA, TLS_DHE_DSS_WITH_AES_128_CBC_SHA, TLS_ECDHE_ECDSA_WITH_AES_256_GCM_SHA384, TLS_ECDHE_ECDSA_WITH_AES_128_GCM_SHA256, TLS_ECDHE_RSA_WITH_AES_256_GCM_SHA384, TLS_RSA_WITH_AES_256_GCM_SHA384, TLS_ECDH_ECDSA_WITH_AES_256_GCM_SHA384, TLS_ECDH_RSA_WITH_AES_256_GCM_SHA384, TLS_DHE_RSA_WITH_AES_256_GCM_SHA384, TLS_DHE_DSS_WITH_AES_256_GCM_SHA384, TLS_ECDHE_RSA_WITH_AES_128_GCM_SHA256, TLS_RSA_WITH_AES_128_GCM_SHA256, TLS_ECDH_ECDSA_WITH_AES_128_GCM_SHA256, TLS_ECDH_RSA_WITH_AES_128_GCM_SHA256, TLS_DHE_RSA_WITH_AES_128_GCM_SHA256, TLS_DHE_DSS_WITH_AES_128_GCM_SHA256]
[2019-03-18T18:46:26.893][Instance 1][Port 49295] [2019-03-18T18:46:26.893]Starting handshake
[2019-03-18T18:46:27.242][Instance 1][Port 49295] [2019-03-18T18:46:27.242]Enabled protocols: [TLSv1, TLSv1.1, TLSv1.2]
[2019-03-18T18:46:27.243][Instance 1][Port 49295] [2019-03-18T18:46:27.242]Enabled cipher suites:[TLS_ECDHE_ECDSA_WITH_AES_256_CBC_SHA384, TLS_ECDHE_RSA_WITH_AES_256_CBC_SHA384, TLS_RSA_WITH_AES_256_CBC_SHA256, TLS_ECDH_ECDSA_WITH_AES_256_CBC_SHA384, TLS_ECDH_RSA_WITH_AES_256_CBC_SHA384, TLS_DHE_RSA_WITH_AES_256_CBC_SHA256, TLS_DHE_DSS_WITH_AES_256_CBC_SHA256, TLS_ECDHE_ECDSA_WITH_AES_256_CBC_SHA, TLS_ECDHE_RSA_WITH_AES_256_CBC_SHA, TLS_RSA_WITH_AES_256_CBC_SHA, TLS_ECDH_ECDSA_WITH_AES_256_CBC_SHA, TLS_ECDH_RSA_WITH_AES_256_CBC_SHA, TLS_DHE_RSA_WITH_AES_256_CBC_SHA, TLS_DHE_DSS_WITH_AES_256_CBC_SHA, TLS_ECDHE_ECDSA_WITH_AES_128_CBC_SHA256, TLS_ECDHE_RSA_WITH_AES_128_CBC_SHA256, TLS_RSA_WITH_AES_128_CBC_SHA256, TLS_ECDH_ECDSA_WITH_AES_128_CBC_SHA256, TLS_ECDH_RSA_WITH_AES_128_CBC_SHA256, TLS_DHE_RSA_WITH_AES_128_CBC_SHA256, TLS_DHE_DSS_WITH_AES_128_CBC_SHA256, TLS_ECDHE_ECDSA_WITH_AES_128_CBC_SHA, TLS_ECDHE_RSA_WITH_AES_128_CBC_SHA, TLS_RSA_WITH_AES_128_CBC_SHA, TLS_ECDH_ECDSA_WITH_AES_128_CBC_SHA, TLS_ECDH_RSA_WITH_AES_128_CBC_SHA, TLS_DHE_RSA_WITH_AES_128_CBC_SHA, TLS_DHE_DSS_WITH_AES_128_CBC_SHA, TLS_ECDHE_ECDSA_WITH_AES_256_GCM_SHA384, TLS_ECDHE_ECDSA_WITH_AES_128_GCM_SHA256, TLS_ECDHE_RSA_WITH_AES_256_GCM_SHA384, TLS_RSA_WITH_AES_256_GCM_SHA384, TLS_ECDH_ECDSA_WITH_AES_256_GCM_SHA384, TLS_ECDH_RSA_WITH_AES_256_GCM_SHA384, TLS_DHE_RSA_WITH_AES_256_GCM_SHA384, TLS_DHE_DSS_WITH_AES_256_GCM_SHA384, TLS_ECDHE_RSA_WITH_AES_128_GCM_SHA256, TLS_RSA_WITH_AES_128_GCM_SHA256, TLS_ECDH_ECDSA_WITH_AES_128_GCM_SHA256, TLS_ECDH_RSA_WITH_AES_128_GCM_SHA256, TLS_DHE_RSA_WITH_AES_128_GCM_SHA256, TLS_DHE_DSS_WITH_AES_128_GCM_SHA256]
[2019-03-18T18:46:27.243][Instance 1][Port 49295] [2019-03-18T18:46:27.243]Starting handshake
[2019-03-18T18:46:27.299][Instance 1][Port 49295] [2019-03-18T18:46:27.298]Secure session established
[2019-03-18T18:46:27.299][Instance 1][Port 49295] [2019-03-18T18:46:27.298] negotiated protocol: TLSv1.2
[2019-03-18T18:46:27.299][Instance 1][Port 49295] [2019-03-18T18:46:27.299] negotiated cipher suite: TLS_ECDHE_RSA_WITH_AES_256_CBC_SHA384
[2019-03-18T18:46:27.299][Instance 1][Port 49295] [2019-03-18T18:46:27.299] peer principal: OU=LittleProxy MITM, O=Impersonated Certificate, CN=js-agent.newrelic.com
[2019-03-18T18:46:27.299][Instance 1][Port 49295] [2019-03-18T18:46:27.299] peer alternative names: [js-agent.newrelic.com]
[2019-03-18T18:46:27.300][Instance 1][Port 49295] [2019-03-18T18:46:27.299] issuer principal: O=LittleProxy RSA Impersonation CA, CN=LittleProxy MITM
[2019-03-18T18:46:27.497][Instance 1][Port 49295] [2019-03-18T18:46:27.497]Enabled protocols: [TLSv1, TLSv1.1, TLSv1.2]
[2019-03-18T18:46:27.497][Instance 1][Port 49295] [2019-03-18T18:46:27.497]Enabled cipher suites:[TLS_ECDHE_ECDSA_WITH_AES_256_CBC_SHA384, TLS_ECDHE_RSA_WITH_AES_256_CBC_SHA384, TLS_RSA_WITH_AES_256_CBC_SHA256, TLS_ECDH_ECDSA_WITH_AES_256_CBC_SHA384, TLS_ECDH_RSA_WITH_AES_256_CBC_SHA384, TLS_DHE_RSA_WITH_AES_256_CBC_SHA256, TLS_DHE_DSS_WITH_AES_256_CBC_SHA256, TLS_ECDHE_ECDSA_WITH_AES_256_CBC_SHA, TLS_ECDHE_RSA_WITH_AES_256_CBC_SHA, TLS_RSA_WITH_AES_256_CBC_SHA, TLS_ECDH_ECDSA_WITH_AES_256_CBC_SHA, TLS_ECDH_RSA_WITH_AES_256_CBC_SHA, TLS_DHE_RSA_WITH_AES_256_CBC_SHA, TLS_DHE_DSS_WITH_AES_256_CBC_SHA, TLS_ECDHE_ECDSA_WITH_AES_128_CBC_SHA256, TLS_ECDHE_RSA_WITH_AES_128_CBC_SHA256, TLS_RSA_WITH_AES_128_CBC_SHA256, TLS_ECDH_ECDSA_WITH_AES_128_CBC_SHA256, TLS_ECDH_RSA_WITH_AES_128_CBC_SHA256, TLS_DHE_RSA_WITH_AES_128_CBC_SHA256, TLS_DHE_DSS_WITH_AES_128_CBC_SHA256, TLS_ECDHE_ECDSA_WITH_AES_128_CBC_SHA, TLS_ECDHE_RSA_WITH_AES_128_CBC_SHA, TLS_RSA_WITH_AES_128_CBC_SHA, TLS_ECDH_ECDSA_WITH_AES_128_CBC_SHA, TLS_ECDH_RSA_WITH_AES_128_CBC_SHA, TLS_DHE_RSA_WITH_AES_128_CBC_SHA, TLS_DHE_DSS_WITH_AES_128_CBC_SHA, TLS_ECDHE_ECDSA_WITH_AES_256_GCM_SHA384, TLS_ECDHE_ECDSA_WITH_AES_128_GCM_SHA256, TLS_ECDHE_RSA_WITH_AES_256_GCM_SHA384, TLS_RSA_WITH_AES_256_GCM_SHA384, TLS_ECDH_ECDSA_WITH_AES_256_GCM_SHA384, TLS_ECDH_RSA_WITH_AES_256_GCM_SHA384, TLS_DHE_RSA_WITH_AES_256_GCM_SHA384, TLS_DHE_DSS_WITH_AES_256_GCM_SHA384, TLS_ECDHE_RSA_WITH_AES_128_GCM_SHA256, TLS_RSA_WITH_AES_128_GCM_SHA256, TLS_ECDH_ECDSA_WITH_AES_128_GCM_SHA256, TLS_ECDH_RSA_WITH_AES_128_GCM_SHA256, TLS_DHE_RSA_WITH_AES_128_GCM_SHA256, TLS_DHE_DSS_WITH_AES_128_GCM_SHA256]
[2019-03-18T18:46:27.498][Instance 1][Port 49295] [2019-03-18T18:46:27.497]Starting handshake
[2019-03-18T18:46:27.577][Instance 1][Port 49295] [2019-03-18T18:46:27.577]Secure session established
[2019-03-18T18:46:27.578][Instance 1][Port 49295] [2019-03-18T18:46:27.577] negotiated protocol: TLSv1.2
[2019-03-18T18:46:27.578][Instance 1][Port 49295] [2019-03-18T18:46:27.578] negotiated cipher suite: TLS_ECDHE_RSA_WITH_AES_256_CBC_SHA384
[2019-03-18T18:46:27.578][Instance 1][Port 49295] [2019-03-18T18:46:27.578] peer principal: OU=LittleProxy MITM, O=Impersonated Certificate, CN=stripensrq.global.ssl.fastly.net
[2019-03-18T18:46:27.579][Instance 1][Port 49295] [2019-03-18T18:46:27.578] peer alternative names: [stripensrq.global.ssl.fastly.net]
[2019-03-18T18:46:27.579][Instance 1][Port 49295] [2019-03-18T18:46:27.579] issuer principal: O=LittleProxy RSA Impersonation CA, CN=LittleProxy MITM
[2019-03-18T18:46:27.602][Instance 1][Port 49295] [2019-03-18T18:46:27.602]Secure session established
[2019-03-18T18:46:27.602][Instance 1][Port 49295] [2019-03-18T18:46:27.602] negotiated protocol: TLSv1.2
[2019-03-18T18:46:27.602][Instance 1][Port 49295] [2019-03-18T18:46:27.602] negotiated cipher suite: TLS_ECDHE_RSA_WITH_AES_256_CBC_SHA384
[2019-03-18T18:46:27.603][Instance 1][Port 49295] [2019-03-18T18:46:27.602] peer principal: OU=LittleProxy MITM, O=Impersonated Certificate, CN=m.stripe.com
[2019-03-18T18:46:27.603][Instance 1][Port 49295] [2019-03-18T18:46:27.603] peer alternative names: [m.stripe.com]
[2019-03-18T18:46:27.603][Instance 1][Port 49295] [2019-03-18T18:46:27.603] issuer principal: O=LittleProxy RSA Impersonation CA, CN=LittleProxy MITM
[2019-03-18T18:46:27.610][Instance 1][Port 49295] Mar 18, 2019 1:46:27 PM com.sun.webkit.network.URLLoader doRun
[2019-03-18T18:46:27.610][Instance 1][Port 49295] WARNING: Unexpected error
[2019-03-18T18:46:27.610][Instance 1][Port 49295] java.io.IOException: The target server failed to respond: https://stripensrq.global.ssl.fastly.net/s/o
[2019-03-18T18:46:27.610][Instance 1][Port 49295] 	at com.machinepublishers.jbrowserdriver.StreamConnection.exec(StreamConnection.java:369)
[2019-03-18T18:46:27.610][Instance 1][Port 49295] 	at com.machinepublishers.jbrowserdriver.StreamConnection.getResponseCode(StreamConnection.java:449)
[2019-03-18T18:46:27.610][Instance 1][Port 49295] 	at com.sun.webkit.network.URLLoader.receiveResponse(URLLoader.java:432)
[2019-03-18T18:46:27.610][Instance 1][Port 49295] 	at com.sun.webkit.network.URLLoader.doRun(URLLoader.java:168)
[2019-03-18T18:46:27.610][Instance 1][Port 49295] 	at com.sun.webkit.network.URLLoader.lambda$run$98(URLLoader.java:132)
[2019-03-18T18:46:27.611][Instance 1][Port 49295] 	at java.security.AccessController.doPrivileged(Native Method)
[2019-03-18T18:46:27.611][Instance 1][Port 49295] 	at com.sun.webkit.network.URLLoader.run(URLLoader.java:131)
[2019-03-18T18:46:27.611][Instance 1][Port 49295] 	at java.util.concurrent.Executors$RunnableAdapter.call(Executors.java:511)
[2019-03-18T18:46:27.611][Instance 1][Port 49295] 	at java.util.concurrent.FutureTask.run(FutureTask.java:266)
[2019-03-18T18:46:27.611][Instance 1][Port 49295] 	at java.util.concurrent.ThreadPoolExecutor.runWorker(ThreadPoolExecutor.java:1149)
[2019-03-18T18:46:27.611][Instance 1][Port 49295] 	at java.util.concurrent.ThreadPoolExecutor$Worker.run(ThreadPoolExecutor.java:624)
[2019-03-18T18:46:27.612][Instance 1][Port 49295] 	at java.lang.Thread.run(Thread.java:748)
[2019-03-18T18:46:27.612][Instance 1][Port 49295] Caused by: org.apache.http.NoHttpResponseException: The target server failed to respond
[2019-03-18T18:46:27.612][Instance 1][Port 49295] 	at org.apache.http.impl.conn.DefaultHttpResponseParser.parseHead(DefaultHttpResponseParser.java:141)
[2019-03-18T18:46:27.612][Instance 1][Port 49295] 	at org.apache.http.impl.conn.DefaultHttpResponseParser.parseHead(DefaultHttpResponseParser.java:56)
[2019-03-18T18:46:27.612][Instance 1][Port 49295] 	at org.apache.http.impl.io.AbstractMessageParser.parse(AbstractMessageParser.java:259)
[2019-03-18T18:46:27.612][Instance 1][Port 49295] 	at org.apache.http.impl.DefaultBHttpClientConnection.receiveResponseHeader(DefaultBHttpClientConnection.java:163)
[2019-03-18T18:46:27.612][Instance 1][Port 49295] 	at org.apache.http.impl.conn.CPoolProxy.receiveResponseHeader(CPoolProxy.java:165)
[2019-03-18T18:46:27.612][Instance 1][Port 49295] 	at org.apache.http.protocol.HttpRequestExecutor.doReceiveResponse(HttpRequestExecutor.java:273)
[2019-03-18T18:46:27.612][Instance 1][Port 49295] 	at org.apache.http.protocol.HttpRequestExecutor.execute(HttpRequestExecutor.java:125)
[2019-03-18T18:46:27.612][Instance 1][Port 49295] 	at org.apache.http.impl.execchain.MainClientExec.execute(MainClientExec.java:272)
[2019-03-18T18:46:27.612][Instance 1][Port 49295] 	at org.apache.http.impl.execchain.ProtocolExec.execute(ProtocolExec.java:185)
[2019-03-18T18:46:27.612][Instance 1][Port 49295] 	at org.apache.http.impl.client.InternalHttpClient.doExecute(InternalHttpClient.java:185)
[2019-03-18T18:46:27.612][Instance 1][Port 49295] 	at org.apache.http.impl.client.CloseableHttpClient.execute(CloseableHttpClient.java:83)
[2019-03-18T18:46:27.612][Instance 1][Port 49295] 	at com.machinepublishers.jbrowserdriver.StreamConnectionClient.execute(StreamConnectionClient.java:175)
[2019-03-18T18:46:27.612][Instance 1][Port 49295] 	at com.machinepublishers.jbrowserdriver.StreamConnection.exec(StreamConnection.java:337)
[2019-03-18T18:46:27.612][Instance 1][Port 49295] 	... 11 more
[2019-03-18T18:46:27.612][Instance 1][Port 49295] 
[2019-03-18T18:46:27.689][Instance 1][Port 49295] [2019-03-18T18:46:27.689]Secure session established
[2019-03-18T18:46:27.689][Instance 1][Port 49295] [2019-03-18T18:46:27.689] negotiated protocol: TLSv1.2
[2019-03-18T18:46:27.689][Instance 1][Port 49295] [2019-03-18T18:46:27.689] negotiated cipher suite: TLS_ECDHE_RSA_WITH_AES_256_CBC_SHA384
[2019-03-18T18:46:27.690][Instance 1][Port 49295] [2019-03-18T18:46:27.689] peer principal: OU=LittleProxy MITM, O=Impersonated Certificate, CN=bam.nr-data.net
[2019-03-18T18:46:27.690][Instance 1][Port 49295] [2019-03-18T18:46:27.690] peer alternative names: [bam.nr-data.net]
[2019-03-18T18:46:27.690][Instance 1][Port 49295] [2019-03-18T18:46:27.690] issuer principal: O=LittleProxy RSA Impersonation CA, CN=LittleProxy MITM
]]></system-err>
  </testcase>
</testsuite>